# JRE version: OpenJDK Runtime Environment (21.0.6) (build 21.0.6+-13391695-b895.109)
# Java VM: OpenJDK 64-Bit Server VM (21.0.6+-13391695-b895.109, mixed mode, tiered, compressed oops, compressed class ptrs, g1 gc, windows-amd64)
GC Precious Log:
 CardTable entry size: 512
 Card Set container configuration: InlinePtr #cards 5 size 8 Array Of Cards #cards 12 size 40 Howl #buckets 4 coarsen threshold 1843 Howl Bitmap #cards 512 size 80 coarsen threshold 460 Card regions per heap region 1 cards per card region 2048
 CPUs: 4 total, 4 available
 Memory: 8072M
 Large Page Support: Disabled
 NUMA Support: Disabled
 Compressed Oops: Enabled (32-bit)
 Heap Region Size: 1M
 Heap Min Capacity: 8M
 Heap Initial Capacity: 128M
 Heap Max Capacity: 2G
 Pre-touch: Disabled
 Parallel Workers: 4
 Concurrent Workers: 1
 Concurrent Refinement Workers: 4
 Periodic GC: Disabled
Heap:
 garbage-first heap   total 133120K, used 72408K [0x0000000080000000, 0x0000000100000000)
  region size 1024K, 4 young (4096K), 4 survivors (4096K)
 Metaspace       used 55264K, committed 56768K, reserved 1114112K
  class space    used 7454K, committed 8192K, reserved 1048576K
GC Heap History (20 events):
Event: 37.725 GC heap after
{Heap after GC invocations=6 (full 0):
 garbage-first heap   total 71680K, used 22302K [0x0000000080000000, 0x0000000100000000)
  region size 1024K, 4 young (4096K), 4 survivors (4096K)
 Metaspace       used 28042K, committed 28608K, reserved 1114112K
  class space    used 3491K, committed 3776K, reserved 1048576K
}
Event: 38.608 GC heap before
{Heap before GC invocations=6 (full 0):
 garbage-first heap   total 71680K, used 57118K [0x0000000080000000, 0x0000000100000000)
  region size 1024K, 39 young (39936K), 4 survivors (4096K)
 Metaspace       used 32544K, committed 33344K, reserved 1114112K
  class space    used 4267K, committed 4672K, reserved 1048576K
}
Event: 38.617 GC heap after
{Heap after GC invocations=7 (full 0):
 garbage-first heap   total 71680K, used 24985K [0x0000000080000000, 0x0000000100000000)
  region size 1024K, 5 young (5120K), 5 survivors (5120K)
 Metaspace       used 32544K, committed 33344K, reserved 1114112K
  class space    used 4267K, committed 4672K, reserved 1048576K
}
Event: 39.358 GC heap before
{Heap before GC invocations=7 (full 0):
 garbage-first heap   total 71680K, used 43417K [0x0000000080000000, 0x0000000100000000)
  region size 1024K, 24 young (24576K), 5 survivors (5120K)
 Metaspace       used 35118K, committed 35968K, reserved 1114112K
  class space    used 4719K, committed 5120K, reserved 1048576K
}
Event: 39.367 GC heap after
{Heap after GC invocations=8 (full 0):
 garbage-first heap   total 71680K, used 26770K [0x0000000080000000, 0x0000000100000000)
  region size 1024K, 2 young (2048K), 2 survivors (2048K)
 Metaspace       used 35118K, committed 35968K, reserved 1114112K
  class space    used 4719K, committed 5120K, reserved 1048576K
}
Event: 41.472 GC heap before
{Heap before GC invocations=9 (full 0):
 garbage-first heap   total 71680K, used 69778K [0x0000000080000000, 0x0000000100000000)
  region size 1024K, 17 young (17408K), 2 survivors (2048K)
 Metaspace       used 36299K, committed 37184K, reserved 1114112K
  class space    used 4915K, committed 5376K, reserved 1048576K
}
Event: 41.477 GC heap after
{Heap after GC invocations=10 (full 0):
 garbage-first heap   total 78848K, used 61166K [0x0000000080000000, 0x0000000100000000)
  region size 1024K, 5 young (5120K), 5 survivors (5120K)
 Metaspace       used 36299K, committed 37184K, reserved 1114112K
  class space    used 4915K, committed 5376K, reserved 1048576K
}
Event: 41.712 GC heap before
{Heap before GC invocations=10 (full 0):
 garbage-first heap   total 78848K, used 68334K [0x0000000080000000, 0x0000000100000000)
  region size 1024K, 12 young (12288K), 5 survivors (5120K)
 Metaspace       used 37289K, committed 38272K, reserved 1114112K
  class space    used 5040K, committed 5504K, reserved 1048576K
}
Event: 41.716 GC heap after
{Heap after GC invocations=11 (full 0):
 garbage-first heap   total 78848K, used 61616K [0x0000000080000000, 0x0000000100000000)
  region size 1024K, 1 young (1024K), 1 survivors (1024K)
 Metaspace       used 37289K, committed 38272K, reserved 1114112K
  class space    used 5040K, committed 5504K, reserved 1048576K
}
Event: 42.287 GC heap before
{Heap before GC invocations=11 (full 0):
 garbage-first heap   total 78848K, used 71856K [0x0000000080000000, 0x0000000100000000)
  region size 1024K, 11 young (11264K), 1 survivors (1024K)
 Metaspace       used 38634K, committed 39552K, reserved 1114112K
  class space    used 5234K, committed 5696K, reserved 1048576K
}
Event: 42.289 GC heap after
{Heap after GC invocations=12 (full 0):
 garbage-first heap   total 78848K, used 61756K [0x0000000080000000, 0x0000000100000000)
  region size 1024K, 1 young (1024K), 1 survivors (1024K)
 Metaspace       used 38634K, committed 39552K, reserved 1114112K
  class space    used 5234K, committed 5696K, reserved 1048576K
}
Event: 42.684 GC heap before
{Heap before GC invocations=13 (full 0):
 garbage-first heap   total 104448K, used 70972K [0x0000000080000000, 0x0000000100000000)
  region size 1024K, 10 young (10240K), 1 survivors (1024K)
 Metaspace       used 40034K, committed 41024K, reserved 1114112K
  class space    used 5474K, committed 5952K, reserved 1048576K
}
Event: 42.687 GC heap after
{Heap after GC invocations=14 (full 0):
 garbage-first heap   total 104448K, used 62352K [0x0000000080000000, 0x0000000100000000)
  region size 1024K, 2 young (2048K), 2 survivors (2048K)
 Metaspace       used 40034K, committed 41024K, reserved 1114112K
  class space    used 5474K, committed 5952K, reserved 1048576K
}
Event: 43.387 GC heap before
{Heap before GC invocations=14 (full 0):
 garbage-first heap   total 104448K, used 92048K [0x0000000080000000, 0x0000000100000000)
  region size 1024K, 32 young (32768K), 2 survivors (2048K)
 Metaspace       used 45824K, committed 46848K, reserved 1114112K
  class space    used 6065K, committed 6528K, reserved 1048576K
}
Event: 43.398 GC heap after
{Heap after GC invocations=15 (full 0):
 garbage-first heap   total 104448K, used 65262K [0x0000000080000000, 0x0000000100000000)
  region size 1024K, 4 young (4096K), 4 survivors (4096K)
 Metaspace       used 45824K, committed 46848K, reserved 1114112K
  class space    used 6065K, committed 6528K, reserved 1048576K
}
Event: 44.543 GC heap before
{Heap before GC invocations=15 (full 0):
 garbage-first heap   total 104448K, used 89838K [0x0000000080000000, 0x0000000100000000)
  region size 1024K, 29 young (29696K), 4 survivors (4096K)
 Metaspace       used 46869K, committed 47936K, reserved 1114112K
  class space    used 6208K, committed 6720K, reserved 1048576K
}
Event: 44.552 GC heap after
{Heap after GC invocations=16 (full 0):
 garbage-first heap   total 104448K, used 68939K [0x0000000080000000, 0x0000000100000000)
  region size 1024K, 4 young (4096K), 4 survivors (4096K)
 Metaspace       used 46869K, committed 47936K, reserved 1114112K
  class space    used 6208K, committed 6720K, reserved 1048576K
}
Event: 45.294 GC heap before
{Heap before GC invocations=17 (full 0):
 garbage-first heap   total 124928K, used 97611K [0x0000000080000000, 0x0000000100000000)
  region size 1024K, 27 young (27648K), 4 survivors (4096K)
 Metaspace       used 50292K, committed 51520K, reserved 1114112K
  class space    used 6627K, committed 7232K, reserved 1048576K
}
Event: 45.302 GC heap after
{Heap after GC invocations=18 (full 0):
 garbage-first heap   total 124928K, used 70226K [0x0000000080000000, 0x0000000100000000)
  region size 1024K, 2 young (2048K), 2 survivors (2048K)
 Metaspace       used 50292K, committed 51520K, reserved 1114112K
  class space    used 6627K, committed 7232K, reserved 1048576K
}
Event: 46.265 GC heap before
{Heap before GC invocations=18 (full 0):
 garbage-first heap   total 124928K, used 111186K [0x0000000080000000, 0x0000000100000000)
  region size 1024K, 43 young (44032K), 2 survivors (2048K)
 Metaspace       used 55264K, committed 56768K, reserved 1114112K
  class space    used 7454K, committed 8192K, reserved 1048576K
}

